[08-Jan-2024 00:12:17 UTC] PHP Fatal error:  Uncaught Error: Class "Zero\Controllers\users" not found in C:\xampp\htdocs\PROJECT_COMP\bootstrap\init.php:45
Stack trace:
#0 C:\xampp\htdocs\PROJECT_COMP\index.php(8): require_once()
#1 {main}
  thrown in C:\xampp\htdocs\PROJECT_COMP\bootstrap\init.php on line 45
[08-Jan-2024 00:12:38 UTC] PHP Fatal error:  Uncaught Error: Class "Zero\Controllers\users" not found in C:\xampp\htdocs\PROJECT_COMP\bootstrap\init.php:45
Stack trace:
#0 C:\xampp\htdocs\PROJECT_COMP\index.php(8): require_once()
#1 {main}
  thrown in C:\xampp\htdocs\PROJECT_COMP\bootstrap\init.php on line 45
[08-Jan-2024 00:13:06 UTC] PHP Fatal error:  Uncaught Error: Class "Zero\Controllers\users" not found in C:\xampp\htdocs\PROJECT_COMP\bootstrap\init.php:45
Stack trace:
#0 C:\xampp\htdocs\PROJECT_COMP\index.php(8): require_once()
#1 {main}
  thrown in C:\xampp\htdocs\PROJECT_COMP\bootstrap\init.php on line 45
[08-Jan-2024 00:13:07 UTC] PHP Fatal error:  Uncaught Error: Class "Zero\Controllers\users" not found in C:\xampp\htdocs\PROJECT_COMP\bootstrap\init.php:45
Stack trace:
#0 C:\xampp\htdocs\PROJECT_COMP\index.php(8): require_once()
#1 {main}
  thrown in C:\xampp\htdocs\PROJECT_COMP\bootstrap\init.php on line 45
[08-Jan-2024 00:14:17 UTC] PHP Fatal error:  Uncaught Error: Class "Zero\Controllers\users" not found in C:\xampp\htdocs\PROJECT_COMP\bootstrap\init.php:46
Stack trace:
#0 C:\xampp\htdocs\PROJECT_COMP\index.php(8): require_once()
#1 {main}
  thrown in C:\xampp\htdocs\PROJECT_COMP\bootstrap\init.php on line 46
[08-Jan-2024 00:15:30 UTC] PHP Fatal error:  Uncaught Error: Class "Zero\Controllers\users" not found in C:\xampp\htdocs\PROJECT_COMP\bootstrap\init.php:46
Stack trace:
#0 C:\xampp\htdocs\PROJECT_COMP\index.php(8): require_once()
#1 {main}
  thrown in C:\xampp\htdocs\PROJECT_COMP\bootstrap\init.php on line 46
[08-Jan-2024 00:15:50 UTC] PHP Fatal error:  Uncaught Error: Class "Zero\Controllers\users" not found in C:\xampp\htdocs\PROJECT_COMP\bootstrap\init.php:45
Stack trace:
#0 C:\xampp\htdocs\PROJECT_COMP\index.php(8): require_once()
#1 {main}
  thrown in C:\xampp\htdocs\PROJECT_COMP\bootstrap\init.php on line 45
[08-Jan-2024 00:18:20 UTC] PHP Fatal error:  Uncaught Error: Class "Zero\App" not found in C:\xampp\htdocs\PROJECT_COMP\bootstrap\init.php:45
Stack trace:
#0 C:\xampp\htdocs\PROJECT_COMP\index.php(8): require_once()
#1 {main}
  thrown in C:\xampp\htdocs\PROJECT_COMP\bootstrap\init.php on line 45
[08-Jan-2024 00:18:59 UTC] PHP Fatal error:  Uncaught Error: Class "Zero\App" not found in C:\xampp\htdocs\PROJECT_COMP\bootstrap\init.php:45
Stack trace:
#0 C:\xampp\htdocs\PROJECT_COMP\index.php(8): require_once()
#1 {main}
  thrown in C:\xampp\htdocs\PROJECT_COMP\bootstrap\init.php on line 45
[08-Jan-2024 00:35:31 UTC] PHP Warning:  require_once(C:\xampp\htdocs\PROJECT_COMP\app\models\Test.php): Failed to open stream: No such file or directory in C:\xampp\htdocs\PROJECT_COMP\bootstrap\init.php on line 52
[08-Jan-2024 00:35:31 UTC] PHP Fatal error:  Uncaught Error: Failed opening required 'C:\xampp\htdocs\PROJECT_COMP\app\models\Test.php' (include_path='\xampp\php\PEAR') in C:\xampp\htdocs\PROJECT_COMP\bootstrap\init.php:52
Stack trace:
#0 C:\xampp\htdocs\PROJECT_COMP\bootstrap\init.php(55): {closure}('Zero\\Models\\Tes...')
#1 C:\xampp\htdocs\PROJECT_COMP\index.php(8): require_once('C:\\xampp\\htdocs...')
#2 {main}
  thrown in C:\xampp\htdocs\PROJECT_COMP\bootstrap\init.php on line 52
[08-Jan-2024 00:51:20 UTC] PHP Warning:  require_once(C:\xampp\htdocs\PROJECT_COMP\system\core\Model.php): Failed to open stream: No such file or directory in C:\xampp\htdocs\PROJECT_COMP\bootstrap\init.php on line 56
[08-Jan-2024 00:51:20 UTC] PHP Fatal error:  Uncaught Error: Failed opening required 'C:\xampp\htdocs\PROJECT_COMP\system\core\Model.php' (include_path='\xampp\php\PEAR') in C:\xampp\htdocs\PROJECT_COMP\bootstrap\init.php:56
Stack trace:
#0 C:\xampp\htdocs\PROJECT_COMP\index.php(8): require_once()
#1 {main}
  thrown in C:\xampp\htdocs\PROJECT_COMP\bootstrap\init.php on line 56
[08-Jan-2024 00:52:44 UTC] PHP Warning:  require_once(C:\xampp\htdocs\PROJECT_COMP\vendor\autoload.php): Failed to open stream: No such file or directory in C:\xampp\htdocs\PROJECT_COMP\bootstrap\init.php on line 63
[08-Jan-2024 00:52:44 UTC] PHP Fatal error:  Uncaught Error: Failed opening required 'C:\xampp\htdocs\PROJECT_COMP\vendor\autoload.php' (include_path='\xampp\php\PEAR') in C:\xampp\htdocs\PROJECT_COMP\bootstrap\init.php:63
Stack trace:
#0 C:\xampp\htdocs\PROJECT_COMP\index.php(8): require_once()
#1 {main}
  thrown in C:\xampp\htdocs\PROJECT_COMP\bootstrap\init.php on line 63
[08-Jan-2024 00:52:56 UTC] PHP Warning:  require_once(C:\xampp\htdocs\PROJECT_COMP\vendor\autoload.php): Failed to open stream: No such file or directory in C:\xampp\htdocs\PROJECT_COMP\bootstrap\init.php on line 63
[08-Jan-2024 00:52:56 UTC] PHP Fatal error:  Uncaught Error: Failed opening required 'C:\xampp\htdocs\PROJECT_COMP\vendor\autoload.php' (include_path='\xampp\php\PEAR') in C:\xampp\htdocs\PROJECT_COMP\bootstrap\init.php:63
Stack trace:
#0 C:\xampp\htdocs\PROJECT_COMP\index.php(8): require_once()
#1 {main}
  thrown in C:\xampp\htdocs\PROJECT_COMP\bootstrap\init.php on line 63
[08-Jan-2024 01:50:39 UTC] PHP Fatal error:  Uncaught Error: Class "Zero\Database" not found in C:\xampp\htdocs\PROJECT_COMP\system\core\App.php:5
Stack trace:
#0 C:\xampp\htdocs\PROJECT_COMP\index.php(10): Zero\App->__construct()
#1 {main}
  thrown in C:\xampp\htdocs\PROJECT_COMP\system\core\App.php on line 5
[08-Jan-2024 01:52:14 UTC] PHP Fatal error:  Uncaught Error: Call to undefined method Zero\Database::initialize() in C:\xampp\htdocs\PROJECT_COMP\system\core\App.php:5
Stack trace:
#0 C:\xampp\htdocs\PROJECT_COMP\index.php(10): Zero\App->__construct()
#1 {main}
  thrown in C:\xampp\htdocs\PROJECT_COMP\system\core\App.php on line 5
[08-Jan-2024 02:27:45 UTC] PHP Warning:  Undefined variable $default_timezone in C:\xampp\htdocs\PROJECT_COMP\system\core\App.php on line 13
[08-Jan-2024 06:46:03 UTC] PHP Fatal error:  Uncaught mysqli_sql_exception: Unknown database 'teste' in C:\xampp\htdocs\PROJECT_COMP\system\core\Database.php:12
Stack trace:
#0 C:\xampp\htdocs\PROJECT_COMP\system\core\Database.php(12): mysqli->__construct('127.0.0.1', 'root', Object(SensitiveParameterValue), 'teste', '3306')
#1 C:\xampp\htdocs\PROJECT_COMP\system\core\App.php(5): Zero\Database::initialize()
#2 C:\xampp\htdocs\PROJECT_COMP\index.php(10): Zero\App->__construct()
#3 {main}
  thrown in C:\xampp\htdocs\PROJECT_COMP\system\core\Database.php on line 12
[08-Jan-2024 06:47:03 UTC] PHP Fatal error:  Uncaught mysqli_sql_exception: Unknown database 'teste' in C:\xampp\htdocs\PROJECT_COMP\system\core\Database.php:12
Stack trace:
#0 C:\xampp\htdocs\PROJECT_COMP\system\core\Database.php(12): mysqli->__construct('127.0.0.1', 'root', Object(SensitiveParameterValue), 'teste', '3306')
#1 C:\xampp\htdocs\PROJECT_COMP\system\core\App.php(5): Zero\Database::initialize()
#2 C:\xampp\htdocs\PROJECT_COMP\index.php(10): Zero\App->__construct()
#3 {main}
  thrown in C:\xampp\htdocs\PROJECT_COMP\system\core\Database.php on line 12
[08-Jan-2024 06:51:21 UTC] PHP Fatal error:  Uncaught mysqli_sql_exception: Unknown database 'testes' in C:\xampp\htdocs\PROJECT_COMP\system\core\Database.php:12
Stack trace:
#0 C:\xampp\htdocs\PROJECT_COMP\system\core\Database.php(12): mysqli->__construct('127.0.0.1', 'root', Object(SensitiveParameterValue), 'testeS', '3306')
#1 C:\xampp\htdocs\PROJECT_COMP\system\core\App.php(5): Zero\Database::initialize()
#2 C:\xampp\htdocs\PROJECT_COMP\index.php(10): Zero\App->__construct()
#3 {main}
  thrown in C:\xampp\htdocs\PROJECT_COMP\system\core\Database.php on line 12
[08-Jan-2024 06:51:24 UTC] PHP Fatal error:  Uncaught mysqli_sql_exception: Unknown database 'testes' in C:\xampp\htdocs\PROJECT_COMP\system\core\Database.php:12
Stack trace:
#0 C:\xampp\htdocs\PROJECT_COMP\system\core\Database.php(12): mysqli->__construct('127.0.0.1', 'root', Object(SensitiveParameterValue), 'testeS', '3306')
#1 C:\xampp\htdocs\PROJECT_COMP\system\core\App.php(5): Zero\Database::initialize()
#2 C:\xampp\htdocs\PROJECT_COMP\index.php(10): Zero\App->__construct()
#3 {main}
  thrown in C:\xampp\htdocs\PROJECT_COMP\system\core\Database.php on line 12
[08-Jan-2024 06:51:25 UTC] PHP Fatal error:  Uncaught mysqli_sql_exception: Unknown database 'testes' in C:\xampp\htdocs\PROJECT_COMP\system\core\Database.php:12
Stack trace:
#0 C:\xampp\htdocs\PROJECT_COMP\system\core\Database.php(12): mysqli->__construct('127.0.0.1', 'root', Object(SensitiveParameterValue), 'testeS', '3306')
#1 C:\xampp\htdocs\PROJECT_COMP\system\core\App.php(5): Zero\Database::initialize()
#2 C:\xampp\htdocs\PROJECT_COMP\index.php(10): Zero\App->__construct()
#3 {main}
  thrown in C:\xampp\htdocs\PROJECT_COMP\system\core\Database.php on line 12
[08-Jan-2024 06:51:35 UTC] PHP Fatal error:  Uncaught mysqli_sql_exception: Unknown database 'testes' in C:\xampp\htdocs\PROJECT_COMP\system\core\Database.php:12
Stack trace:
#0 C:\xampp\htdocs\PROJECT_COMP\system\core\Database.php(12): mysqli->__construct('127.0.0.1', 'root', Object(SensitiveParameterValue), 'testeS', '3306')
#1 C:\xampp\htdocs\PROJECT_COMP\system\core\App.php(5): Zero\Database::initialize()
#2 C:\xampp\htdocs\PROJECT_COMP\index.php(10): Zero\App->__construct()
#3 {main}
  thrown in C:\xampp\htdocs\PROJECT_COMP\system\core\Database.php on line 12
[08-Jan-2024 06:51:50 UTC] PHP Fatal error:  Uncaught mysqli_sql_exception: Unknown database 'testes' in C:\xampp\htdocs\PROJECT_COMP\system\core\Database.php:12
Stack trace:
#0 C:\xampp\htdocs\PROJECT_COMP\system\core\Database.php(12): mysqli->__construct('127.0.0.1', 'root', Object(SensitiveParameterValue), 'testeS', '3306')
#1 C:\xampp\htdocs\PROJECT_COMP\system\core\App.php(5): Zero\Database::initialize()
#2 C:\xampp\htdocs\PROJECT_COMP\index.php(10): Zero\App->__construct()
#3 {main}
  thrown in C:\xampp\htdocs\PROJECT_COMP\system\core\Database.php on line 12
[08-Jan-2024 06:52:10 UTC] PHP Fatal error:  Uncaught mysqli_sql_exception: Unknown database 'testes' in C:\xampp\htdocs\PROJECT_COMP\system\core\Database.php:12
Stack trace:
#0 C:\xampp\htdocs\PROJECT_COMP\system\core\Database.php(12): mysqli->__construct('127.0.0.1', 'root', Object(SensitiveParameterValue), 'testeS', '3306')
#1 C:\xampp\htdocs\PROJECT_COMP\system\core\App.php(5): Zero\Database::initialize()
#2 C:\xampp\htdocs\PROJECT_COMP\index.php(10): Zero\App->__construct()
#3 {main}
  thrown in C:\xampp\htdocs\PROJECT_COMP\system\core\Database.php on line 12
[08-Jan-2024 07:24:39 UTC] PHP Parse error:  syntax error, unexpected double-quoted string " ms - ", expecting "," or ";" in C:\xampp\htdocs\PROJECT_COMP\system\core\Database.php on line 45
[08-Jan-2024 07:30:28 UTC] PHP Warning:  Undefined variable $database in C:\xampp\htdocs\PROJECT_COMP\system\core\App.php on line 20
[08-Jan-2024 07:30:28 UTC] PHP Fatal error:  Uncaught TypeError: mysqli_query(): Argument #1 ($mysql) must be of type mysqli, null given in C:\xampp\htdocs\PROJECT_COMP\system\core\App.php:20
Stack trace:
#0 C:\xampp\htdocs\PROJECT_COMP\system\core\App.php(20): mysqli_query(NULL, 'SELECT * FROM u...')
#1 C:\xampp\htdocs\PROJECT_COMP\index.php(10): Zero\App->__construct()
#2 {main}
  thrown in C:\xampp\htdocs\PROJECT_COMP\system\core\App.php on line 20
